2019.11.20 19:13:10
Имя: gfgh
Телефон: 3444
Адрес страницы: http://landingp.local/

2019.11.20 19:19:27
Имя: fg
Телефон: fgfg
Адрес страницы: http://landingp.local/

2019.11.20 19:21:07
Имя: gfgf
Телефон: 5666
Адрес страницы: http://landingp.local/

2019.11.20 19:25:11
Имя: 123
Телефон: 123
Дополнительная информация: Услуга 3
Адрес страницы: http://landingp.local/

2019.11.20 19:32:46
Имя: 12
Телефон: 12
Почта: 123@mail.ru
Сообщение: 34
Адрес страницы: http://landingp.local/

2019.11.20 21:02:24
Имя: значение не указано
Телефон: 34342
: значение не указано
Пароль: значение не указано
: #8080ff
Имя: значение не указано
: значение не указано
Имя: значение не указано
Имя: значение не указано
Имя: значение не указано
: 50
: значение не указано
: значение не указано
: значение не указано
: значение не указано
Дополнительная информация: Домашнее
Адрес страницы: http://landingp.local/

2019.11.20 21:03:35
Имя: значение не указано
Телефон: 64564
: значение не указано
Пароль: значение не указано
цвет: #0000a0
Имя: значение не указано
: значение не указано
Имя: значение не указано
Имя: значение не указано
Имя: значение не указано
: 50
: значение не указано
: значение не указано
: значение не указано
: значение не указано
Дополнительная информация: Домашнее
Адрес страницы: http://landingp.local/

